2026-07-21 10:14:07,632 [INFO] Mode: MOVE  (DRY RUN - no files will be touched)
2026-07-21 10:14:07,632 [INFO] Source: /opt/lampp/htdocs/test/migration/dam_supp
2026-07-21 10:14:07,632 [INFO] Destination: /opt/lampp/htdocs/test/migration/test
2026-07-21 10:14:07,632 [INFO] Reading Excel file: /opt/lampp/htdocs/test/migration/dam_supp.xlsx
2026-07-21 10:14:07,695 [INFO] Using columns -> uuid: 'UUID', toegangsnummer: 'TOEGANGSNUMMER', bestandsnaam: 'BESTANDSNAAM'
2026-07-21 10:14:07,699 [INFO] Loaded 55 row(s) covering 1 unique uuid(s) and 3 unique toegangsnummer(s).
2026-07-21 10:14:07,699 [INFO] Scanning /opt/lampp/htdocs/test/migration/dam_supp for archive folders (this can take a while on large drives)...
2026-07-21 10:14:07,699 [INFO] Found 4 matching folder(s) on the drive, covering 3 distinct archive number(s).
2026-07-21 10:14:07,699 [INFO] Indexed files for 3/3 needed archive folders...
2026-07-21 10:14:07,700 [INFO] Processed 55/55 rows (12 moved, 42 errors so far)...
2026-07-21 10:14:07,700 [INFO] ======================================================================
2026-07-21 10:14:07,700 [INFO] RUN SUMMARY
2026-07-21 10:14:07,700 [INFO]   Total rows in sheet processed : 55
2026-07-21 10:14:07,700 [INFO]   Successfully moved/copied     : 12
2026-07-21 10:14:07,700 [INFO]   Of which same-name duplicates : 0  (see duplicates_log.csv)
2026-07-21 10:14:07,700 [INFO]   Errors / missing files        : 43
2026-07-21 10:14:07,701 [INFO]   Archive folders touched       : 1
2026-07-21 10:14:07,701 [INFO]   Success log (CSV)             : ./logs/success_log.csv
2026-07-21 10:14:07,701 [INFO]   Duplicates log (CSV)          : ./logs/duplicates_log.csv
2026-07-21 10:14:07,701 [INFO]   Error log (CSV)               : ./logs/error_log.csv
2026-07-21 10:14:07,701 [INFO]   Full run log                  : logs/dam_supp 2026-07-21 10-14-07.log
2026-07-21 10:14:07,701 [INFO] ======================================================================
2026-07-21 10:14:07,701 [INFO] This was a DRY RUN. No files were moved or copied. Review the logs, then re-run without --dry-run when you're confident.
