2026-04-14 13:00:53,993 [INFO] Uploading record deed with uuid 13979314-9e5d-4e36-8e23-76ffbf4c5011
2026-04-14 13:00:54,456 [INFO] Probably outdated access token. Try refresh token.
2026-04-14 13:00:55,743 [ERROR] Reading failed for 13979314-9e5d-4e36-8e23-76ffbf4c5011
2026-04-14 13:00:55,743 [INFO] Uploading record deed with uuid 2e16267a-6873-49ef-8152-b6506d55badc
2026-04-14 13:00:56,098 [ERROR] Reading failed for 2e16267a-6873-49ef-8152-b6506d55badc
2026-04-14 13:00:56,098 [INFO] Uploading record deed with uuid 4f58080f-97cb-46d0-aed2-dc447750cb24
2026-04-14 13:00:56,452 [ERROR] Reading failed for 4f58080f-97cb-46d0-aed2-dc447750cb24
2026-04-14 13:00:56,453 [INFO] Uploading record deed with uuid 562f0df8-1e60-47fc-a4eb-5ce1ad0feecd
2026-04-14 13:00:56,808 [ERROR] Reading failed for 562f0df8-1e60-47fc-a4eb-5ce1ad0feecd
2026-04-14 13:00:56,808 [INFO] Uploading record deed with uuid 680d957d-58e2-499c-baed-0fae08b16c39
2026-04-14 13:00:57,161 [ERROR] Reading failed for 680d957d-58e2-499c-baed-0fae08b16c39
2026-04-14 13:00:57,161 [INFO] Uploading record deed with uuid 78f3c73d-f9de-482a-bf95-95d4ca4b9426
2026-04-14 13:00:57,518 [ERROR] Reading failed for 78f3c73d-f9de-482a-bf95-95d4ca4b9426
2026-04-14 13:00:57,519 [INFO] Uploading record deed with uuid 979f88b5-4e69-4a3f-87d3-6a4a41cef113
2026-04-14 13:00:57,877 [ERROR] Reading failed for 979f88b5-4e69-4a3f-87d3-6a4a41cef113
2026-04-14 13:00:57,877 [INFO] Uploading record deed with uuid ab8b8e5e-6a24-49d1-a90a-58cce8f38ab1
2026-04-14 13:00:58,239 [ERROR] Reading failed for ab8b8e5e-6a24-49d1-a90a-58cce8f38ab1
2026-04-14 13:00:58,239 [INFO] Uploading record deed with uuid b6a371a5-8914-43da-af2d-6169b1c10ef3
2026-04-14 13:00:58,597 [ERROR] Reading failed for b6a371a5-8914-43da-af2d-6169b1c10ef3
2026-04-14 13:00:58,598 [INFO] Uploading record deed with uuid ee69b625-a981-412c-8f41-8a00289ca054
2026-04-14 13:00:58,954 [ERROR] Reading failed for ee69b625-a981-412c-8f41-8a00289ca054
